🚀 Starting Wiggum Worker for: portfolio-website
📍 Project Path: /home/julien/Desktop/Free-Wiggum-opencode/projects/portfolio-website
⏰ Started at: Thu Mar 12 12:53:43 PM EDT 2026
⚡ Token Budget: 64000
━━━━━━━━━━━━━━━━━━━━━━━━━━━━━━━━════

📍 Iteration 53 at Thu Mar 12 12:53:43 PM EDT 2026...
🤖 OpenCode processing: Write Jest unit tests for command parser (50%+ coverage) and E2E tests with Playwright for terminal interactions
[0m
> build · stepfun/step-3.5-flash:free
[0m
I'll help you complete the test writing task for the command parser and terminal interactions. Let me first explore the codebase to understand the structure and then create comprehensive tests.
[0m→ [0mRead package.json
[0m✱ [0mGlob "**/*.ts"[90m 25 matches[0m
[0m✱ [0mGlob "**/*.tsx"[90m 11 matches[0m
[0m→ [0mRead lib/terminal/parser.ts
[0m→ [0mRead lib/terminal/history.ts
[0m→ [0mRead lib/terminal/trie.ts
[0m→ [0mRead __tests__/trie.test.ts
[0m→ [0mRead jest.config.js
[0m→ [0mRead components/terminal/Terminal.tsx
[0m
[0m# [0mTodos
[ ] Write Jest unit tests for command parser (parser.test.ts)
[ ] Write Jest unit tests for history manager (history.test.ts)
[ ] Write Playwright E2E tests for terminal interactions (terminal.spec.ts)
[ ] Configure Playwright if needed and verify tests run
[ ] Run tests and ensure 50%+ coverage for command parser
[ ] Update TASKS.md to mark testing task complete
[0m
Now let me create a todo list for this task and then write the tests:
[0m# [0mTodos
[ ] Write Jest unit tests for command parser (parser.test.ts)
[ ] Write Jest unit tests for history manager (history.test.ts)
[ ] Write Playwright E2E tests for terminal interactions (terminal.spec.ts)
[ ] Configure Playwright if needed and verify tests run
[ ] Run tests and ensure 50%+ coverage for command parser
[ ] Update TASKS.md to mark testing task complete
[0m
[0m✗ [0mwrite failed
[91m[1mError: [0mYou must read file /home/julien/Desktop/Free-Wiggum-opencode/projects/portfolio-website/__tests__/parser.test.ts before overwriting it. Use the Read tool first
Now let me write the unit tests for the command parser:
[0m→ [0mRead __tests__/parser.test.ts
[0m✗ [0mread failed
[91m[1mError: [0mFile not found: /home/julien/Desktop/Free-Wiggum-opencode/projects/portfolio-website/__tests__/history.test.ts
Good! The parser test file already exists with comprehensive tests. Let me check if there are tests for the history manager:
📝 Log saved: logs/iteration-53.md
📊 Token Usage: 3000 / Session: 3000 / 64000
