🚀 Starting Wiggum Worker for: portfolio-website
📍 Project Path: /home/julien/Desktop/Free-Wiggum-opencode/projects/portfolio-website
⏰ Started at: Thu Mar 12 10:16:50 AM EDT 2026
⚡ Token Budget: 64000
━━━━━━━━━━━━━━━━━━━━━━━━━━━━━━━━════

📍 Iteration 1 at Thu Mar 12 10:16:50 AM EDT 2026...
🤖 OpenCode processing: Initialize Next.js 14 project with TypeScript, Tailwind CSS, and `xterm` terminal library using `npm create next-app@latest`
[0m
> build · stepfun/step-3.5-flash:free
[0m
[0m→ [0mRead TASKS.md
I'll initialize the Next.js 14 project with TypeScript, Tailwind CSS, and xterm terminal library.
[0m
[0m$ [0mnpm create next-app@latest . --typescript --tailwind --eslint --app --src-dir --import-alias "@/*" --no-git
> npx
> create-next-app . @/*

The directory portfolio-website contains files that could conflict:

  .env
  README.md
  TASKS.md
  TASKS_original.md
  logs/
  prompt.txt

Either try using a new directory name, or remove the files listed above.

npm error code 1
npm error path /home/julien/Desktop/Free-Wiggum-opencode/projects/portfolio-website
npm error command failed
npm error command sh -c create-next-app . '@/*'
npm error A complete log of this run can be found in: /home/julien/.npm/_logs/2026-03-12T14_17_06_449Z-debug-0.log
[0m
[93m[1m! [0mpermission requested: read (/home/julien/Desktop/Free-Wiggum-opencode/projects/portfolio-website/.env); auto-rejecting
[0m✗ [0mread failed
[91m[1mError: [0mThe user rejected permission to use this specific tool call.
Let me check the existing files and handle them appropriately:
📝 Log saved: logs/iteration-1.md
📊 Token Usage: 2750 / Session: 2750 / 64000
✅ Changes committed
⚠️  Could not push
wiggum_worker.sh: line 278: 0
0: arithmetic syntax error in expression (error token is "0")
✅ Worker finished
❌ Worker interrupted
wiggum_worker.sh: line 89: 0
0: arithmetic syntax error in expression (error token is "0")
