🚀 Starting Wiggum Worker for: portfolio-website
📍 Project Path: /home/julien/Desktop/Free-Wiggum-opencode/projects/portfolio-website
⏰ Started at: Thu Mar 12 01:09:27 PM EDT 2026
⚡ Token Budget: 64000
━━━━━━━━━━━━━━━━━━━━━━━━━━━━━━━━════

📍 Iteration 78 at Thu Mar 12 01:09:27 PM EDT 2026...
🤖 OpenCode processing: Deploy to Vercel with proper environment variable configuration and monitor with Vercel Analytics
[0m
> build · stepfun/step-3.5-flash:free
[0m
I'll help you deploy the portfolio website to Vercel with proper environment configuration and Vercel Analytics. Let me start by examining the current project structure and then complete the deployment.
[0m→ [0mRead .
[0m→ [0mRead package.json
[0m→ [0mRead TASKS.md
[0m→ [0mRead README.md
[0m→ [0mRead next.config.ts
[0m→ [0mRead app/layout.tsx
[0m✱ [0mGlob "vercel.json"[90m in . · 0 matches[0m
[0m→ [0mRead .env
[0m→ [0mRead lib/env.ts
📝 Log saved: logs/iteration-78.md
📊 Token Usage: 2750 / Session: 2750 / 64000
