🚀 Starting Wiggum Worker for: portfolio-website
📍 Project Path: /home/julien/Desktop/Free-Wiggum-opencode/projects/portfolio-website
⏰ Started at: Thu Mar 12 12:46:18 PM EDT 2026
⚡ Token Budget: 64000
━━━━━━━━━━━━━━━━━━━━━━━━━━━━━━━━════

📍 Iteration 48 at Thu Mar 12 12:46:18 PM EDT 2026...
🤖 OpenCode processing: Add terminal visual effects: CRT scanlines, phosphor glow, typing animation for command output using CSS animations
[0m
> build · stepfun/step-3.5-flash:free
[0m
I'll add terminal visual effects: CRT scanlines, phosphor glow, and typing animation for command output. Let me explore the codebase structure first.
[0m→ [0mRead components/terminal/Terminal.tsx
[0m✱ [0mGlob "**/*.tsx"[90m 11 matches[0m
[0m✱ [0mGlob "components/terminal/**/*"[90m 1 match[0m
[0m→ [0mRead app/layout.tsx
[0m→ [0mRead app/page.tsx
[0m✱ [0mGlob "**/*.css"[90m 2 matches[0m
[0m→ [0mRead app/globals.css
[0m
[0m← [0mWrite components/terminal/terminal-effects.css
Wrote file successfully.
[0m
Now I'll create the terminal visual effects. I'll:

1. Create a CSS file with CRT scanlines, phosphor glow, and typing animations
2. Update the Terminal component to wrap xterm with an effects container
3. Add typing animation for command output
4. Apply the effects in the main page
Now let me update the Terminal component to incorporate these effects and add typing animation:
[0m← [0mEdit components/terminal/Terminal.tsx
Index: /home/julien/Desktop/Free-Wiggum-opencode/projects/portfolio-website/components/terminal/Terminal.tsx
===================================================================
--- /home/julien/Desktop/Free-Wiggum-opencode/projects/portfolio-website/components/terminal/Terminal.tsx
+++ /home/julien/Desktop/Free-Wiggum-opencode/projects/portfolio-website/components/terminal/Terminal.tsx
@@ -3,8 +3,9 @@
 import { useEffect, useReducer, useRef, useMemo } from 'react';
 import { Terminal as XTerm } from '@xterm/xterm';
 import { FitAddon } from '@xterm/addon-fit';
 import '@xterm/xterm/css/xterm.css';
+import './terminal-effects.css';
 import { Trie, createCompletionTrie } from '../../lib/terminal/trie';
 
 interface XTerminalProps {
   prompt?: string;

[0m
Now I'll update the Terminal component with the visual effects:
[0m← [0mEdit components/terminal/Terminal.tsx
Index: /home/julien/Desktop/Free-Wiggum-opencode/projects/portfolio-website/components/terminal/Terminal.tsx
===================================================================
--- /home/julien/Desktop/Free-Wiggum-opencode/projects/portfolio-website/components/terminal/Terminal.tsx
+++ /home/julien/Desktop/Free-Wiggum-opencode/projects/portfolio-website/components/terminal/Terminal.tsx
@@ -98,11 +98,11 @@
 
 const term = new XTerm({
   cursorBlink: true,
   theme: {
-    background: '#1e1e1e',
-    foreground: '#f0f0f0',
-    cursor: '#ffffff',
+    background: '#000000',
+    foreground: '#33ff00',
+    cursor: '#33ff00',
   },
   fontSize: 14,
   fontFamily: 'monospace',
 });

[0m
[0m← [0mEdit components/terminal/Terminal.tsx
Index: /home/julien/Desktop/Free-Wiggum-opencode/projects/portfolio-website/components/terminal/Terminal.tsx
===================================================================
--- /home/julien/Desktop/Free-Wiggum-opencode/projects/portfolio-website/components/terminal/Terminal.tsx
+++ /home/julien/Desktop/Free-Wiggum-opencode/projects/portfolio-website/components/terminal/Terminal.tsx
@@ -129,12 +129,21 @@
   const result = onCommand(command);
   if (result instanceof Promise) {
     const output = await result;
     if (typeof output === 'string') {
-      term.writeln(output);
+      // Use typing animation for text output (skip if contains ANSI escapes)
+      if (output.includes('\x1b')) {
+        term.writeln(output);
+      } else {
+        await typeWriteln(term, output);
+      }
     }
   } else if (typeof result === 'string') {
-    term.writeln(result);
+    if (result.includes('\x1b')) {
+      term.writeln(result);
+    } else {
+      await typeWriteln(term, result);
+    }
   }
 } catch (error) {
   term.writeln(`Error: ${error instanceof Error ? error.message : 'Unknown error'}`);
 }

[0m
Now I'll add the `typeWriteln` helper function inside the useEffect:
[0m← [0mEdit components/terminal/Terminal.tsx
Index: /home/julien/Desktop/Free-Wiggum-opencode/projects/portfolio-website/components/terminal/Terminal.tsx
===================================================================
--- /home/julien/Desktop/Free-Wiggum-opencode/projects/portfolio-website/components/terminal/Terminal.tsx
+++ /home/julien/Desktop/Free-Wiggum-opencode/projects/portfolio-website/components/terminal/Terminal.tsx
@@ -114,8 +114,19 @@
 
 term.open(terminalRef.current);
 fit.fit();
 
+// Helper function for typing animation
+const delay = (ms: number) => new Promise(resolve => setTimeout(resolve, ms));
+
+const typeWriteln = async (t: XTerm, text: string, charDelay = 5) => {
+  for (let i = 0; i < text.length; i++) {
+    t.write(text[i]);
+    await delay(charDelay);
+  }
+  t.write('\r\n');
+};
+
 term.writeln('Welcome to the portfolio terminal. Type "help" for available commands.');
 term.write(prompt);
 currentLine.current = '';
 

[0m
Now I'll update the return statement to wrap the terminal with the CRT effect container:
[0m← [0mEdit components/terminal/Terminal.tsx
Index: /home/julien/Desktop/Free-Wiggum-opencode/projects/portfolio-website/components/terminal/Terminal.tsx
===================================================================
--- /home/julien/Desktop/Free-Wiggum-opencode/projects/portfolio-website/components/terminal/Terminal.tsx
+++ /home/julien/Desktop/Free-Wiggum-opencode/projects/portfolio-website/components/terminal/Terminal.tsx
@@ -256,6 +256,10 @@
     term.write('\r\x1b[2K');
     term.write(`${prompt}${line}`);
   };
 
-  return <div ref={terminalRef} style={{ width: '100%', height: '100%' }} />;
+  return (
+    <div className="relative w-full h-full terminal-crt overflow-hidden">
+      <div ref={terminalRef} className="terminal-glow w-full h-full" />
+    </div>
+  );
 }

[0m
[0m→ [0mRead TASKS.md
Now I'll mark the task as completed in TASKS.md:
[0m
[0m← [0mEdit TASKS.md
Index: /home/julien/Desktop/Free-Wiggum-opencode/projects/portfolio-website/TASKS.md
===================================================================
--- /home/julien/Desktop/Free-Wiggum-opencode/projects/portfolio-website/TASKS.md
+++ /home/julien/Desktop/Free-Wiggum-opencode/projects/portfolio-website/TASKS.md
@@ -28,9 +28,9 @@
 
 ## Phase 5: YC & Additional Integrations, Final Polish
 - [x] Add Y Combinator company profile scraper using `puppeteer` or `playwright` to search "Julien Serbanescu YC" (fallback: hardcoded data)
 - [x] Implement Google Custom Search API client in `lib/api/search.ts` as secondary web search option with rate limiting
-- [ ] Add terminal visual effects: CRT scanlines, phosphor glow, typing animation for command output using CSS animations
+ - [x] Add terminal visual effects: CRT scanlines, phosphor glow, typing animation for command output using CSS animations
 - [ ] Create responsive design with Tailwind breakpoints, ensure terminal fits mobile screens using `xterm-addon-fit`
 - [ ] Write Jest unit tests for command parser (50%+ coverage) and E2E tests with Playwright for terminal interactions
 - [ ] Add dynamic Open Graph images generation using `@vercel/og` for social sharing of portfolio projects
 - [ ] Deploy to Vercel with proper environment variable configuration and monitor with Vercel Analytics

[0m
Done! I've added terminal visual effects:

- CRT scanlines overlay with repeating linear gradient
- Phosphor glow effect using CSS filters
- Flicker animation to simulate CRT
- Typing animation for command output (character-by-character)
- Changed terminal theme to bright neon green on black

Modified files:
- `components/terminal/terminal-effects.css` (new)
- `components/terminal/Terminal.tsx` (updated)
- `TASKS.md` (task marked complete)
📝 Log saved: logs/iteration-48.md
📊 Token Usage: 4250 / Session: 4250 / 64000
