🚀 Starting Wiggum Worker for: portfolio-website
📍 Project Path: /home/julien/Desktop/Free-Wiggum-opencode/projects/portfolio-website
⏰ Started at: Thu Mar 12 10:17:38 AM EDT 2026
⚡ Token Budget: 64000
━━━━━━━━━━━━━━━━━━━━━━━━━━━━━━━━════

📍 Iteration 2 at Thu Mar 12 10:17:38 AM EDT 2026...
🤖 OpenCode processing: Initialize Next.js 14 project with TypeScript, Tailwind CSS, and `xterm` terminal library using `npm create next-app@latest`
[0m
> build · stepfun/step-3.5-flash:free
[0m
I'll initialize the Next.js 14 project with TypeScript, Tailwind CSS, and the xterm terminal library.
[0m$ [0mnpm create next-app@latest . --typescript --tailwind --app --no-src-dir --import-alias "@/*"
> npx
> create-next-app . @/*

The directory portfolio-website contains files that could conflict:

  .env
  README.md
  TASKS.md
  TASKS_original.md
  logs/
  prompt.txt

Either try using a new directory name, or remove the files listed above.

npm error code 1
npm error path /home/julien/Desktop/Free-Wiggum-opencode/projects/portfolio-website
npm error command failed
npm error command sh -c create-next-app . '@/*'
npm error A complete log of this run can be found in: /home/julien/.npm/_logs/2026-03-12T14_17_43_832Z-debug-0.log
[0m
[93m[1m! [0mpermission requested: external_directory (/tmp/*); auto-rejecting
[0m✗ [0mbash failed
[91m[1mError: [0mThe user rejected permission to use this specific tool call.
The directory already exists with files. Let me initialize in a temporary location and then copy the structure:
📝 Log saved: logs/iteration-2.md
📊 Token Usage: 2750 / Session: 2750 / 64000
✅ Changes committed
⚠️  Could not push
wiggum_worker.sh: line 278: 0
0: arithmetic syntax error in expression (error token is "0")
✅ Worker finished
❌ Worker interrupted
wiggum_worker.sh: line 89: 0
0: arithmetic syntax error in expression (error token is "0")
