🚀 Starting Wiggum Worker for: portfolio-website
📍 Project Path: /home/julien/Desktop/Free-Wiggum-opencode/projects/portfolio-website
⏰ Started at: Thu Mar 12 01:04:14 PM EDT 2026
⚡ Token Budget: 64000
━━━━━━━━━━━━━━━━━━━━━━━━━━━━━━━━════

📍 Iteration 56 at Thu Mar 12 01:04:14 PM EDT 2026...
🤖 OpenCode processing: Deploy to Vercel with proper environment variable configuration and monitor with Vercel Analytics
opencode run [message..]

run opencode with a message

Positionals:
  message  message to send                                                     [array] [default: []]

Options:
  -h, --help        show help                                                              [boolean]
  -v, --version     show version number                                                    [boolean]
      --print-logs  print logs to stderr                                                   [boolean]
      --log-level   log level                   [string] [choices: "DEBUG", "INFO", "WARN", "ERROR"]
      --command     the command to run, use message for args                                [string]
  -c, --continue    continue the last session                                              [boolean]
  -s, --session     session id to continue                                                  [string]
      --fork        fork the session before continuing (requires --continue or --session)  [boolean]
      --share       share the session                                                      [boolean]
  -m, --model       model to use in the format of provider/model                            [string]
      --agent       agent to use                                                            [string]
      --format      format: default (formatted) or json (raw JSON events)
                                          [string] [choices: "default", "json"] [default: "default"]
  -f, --file        file(s) to attach to message                                             [array]
      --title       title for the session (uses truncated prompt if no value provided)      [string]
      --attach      attach to a running opencode server (e.g., http://localhost:4096)       [string]
  -p, --password    basic auth password (defaults to OPENCODE_SERVER_PASSWORD)              [string]
      --dir         directory to run in, path on remote server if attaching                 [string]
      --port        port for the local server (defaults to random port if no value provided)[number]
      --variant     model variant (provider-specific reasoning effort, e.g., high, max, minimal)
                                                                                            [string]
      --thinking    show thinking blocks                                  [boolean] [default: false]
📝 Log saved: logs/iteration-56.md
📊 Token Usage: 3000 / Session: 3000 / 64000
