🚀 Starting Wiggum Worker for: portfolio-website
📍 Project Path: /home/julien/Desktop/Free-Wiggum-opencode/projects/portfolio-website
⏰ Started at: Thu Mar 12 01:17:57 PM EDT 2026
⚡ Token Budget: 64000
━━━━━━━━━━━━━━━━━━━━━━━━━━━━━━━━════

📍 Iteration 80 at Thu Mar 12 01:17:57 PM EDT 2026...
🔍 [DEBUG] No uncompleted tasks found. Checking task counts...
   Completed: 17, Uncompleted: 0, Total: 17
🎉 No more uncompleted tasks. Mission Accomplished!
🚀 Pushing final changes to GitHub...
[main e4bc007] Final worker session push
 5 files changed, 646 insertions(+), 3 deletions(-)
 create mode 100644 logs/iteration-79.md
 create mode 100644 logs/worker-session-20260312-131757.log
To github.com:Julien-ser/portfolio-website.git
   93e9953..e4bc007  main -> main
✅ Final push to GitHub successful!
✅ Worker finished
❌ Worker interrupted

════════════════════════════════════════════════════════
📊 WORKER SESSION SUMMARY
════════════════════════════════════════════════════════
Project: portfolio-website
Iterations: 80
Tasks: 17 / 17 completed
Remaining: 0
Tokens: 0 / 64000
Logs: logs/iteration-*.md
⏰ Completed: Thu Mar 12 01:17:57 PM EDT 2026
════════════════════════════════════════════════════════
