🚀 Starting Wiggum Worker for: portfolio-website
📍 Project Path: /home/julien/Desktop/Free-Wiggum-opencode/projects/portfolio-website
⏰ Started at: Thu Mar 12 01:26:39 PM EDT 2026
⚡ Token Budget: 64000
━━━━━━━━━━━━━━━━━━━━━━━━━━━━━━━━════

📍 Iteration 80 at Thu Mar 12 01:26:39 PM EDT 2026...
🔍 [DEBUG] No uncompleted tasks found. Checking task counts...
   Completed: 17, Uncompleted: 0, Total: 17
🎉 No more uncompleted tasks. Mission Accomplished!
🚀 Pushing final changes to GitHub...
[main 551d517] Final worker session push
 2 files changed, 32 insertions(+)
 create mode 100644 logs/worker-session-20260312-132639.log
To github.com:Julien-ser/portfolio-website.git
   e4bc007..551d517  main -> main
✅ Final push to GitHub successful!
✅ Worker finished
❌ Worker interrupted

════════════════════════════════════════════════════════
📊 WORKER SESSION SUMMARY
════════════════════════════════════════════════════════
Project: portfolio-website
Iterations: 80
Tasks: 17 / 17 completed
Remaining: 0
Tokens: 0 / 64000
Logs: logs/iteration-*.md
⏰ Completed: Thu Mar 12 01:26:40 PM EDT 2026
════════════════════════════════════════════════════════
